[0113/114930.787:ERROR:registration_protocol_win.cc(84)] TransactNamedPipe: O pipe foi finalizado. (0x6D)
[0114/114708.932:ERROR:registration_protocol_win.cc(84)] TransactNamedPipe: O pipe foi finalizado. (0x6D)
[0114/124125.585:ERROR:registration_protocol_win.cc(84)] TransactNamedPipe: O pipe foi finalizado. (0x6D)
[0120/130501.546:ERROR:registration_protocol_win.cc(84)] TransactNamedPipe: O pipe foi finalizado. (0x6D)
[0120/175232.524:ERROR:registration_protocol_win.cc(84)] TransactNamedPipe: O pipe foi finalizado. (0x6D)
[0121/125830.550:ERROR:registration_protocol_win.cc(84)] TransactNamedPipe: O pipe foi finalizado. (0x6D)
[0123/085209.618:ERROR:registration_protocol_win.cc(84)] TransactNamedPipe: O pipe foi finalizado. (0x6D)
[0123/110541.477:ERROR:registration_protocol_win.cc(84)] TransactNamedPipe: O pipe foi finalizado. (0x6D)
[0124/093252.019:ERROR:registration_protocol_win.cc(84)] TransactNamedPipe: O pipe foi finalizado. (0x6D)
[0124/132842.966:ERROR:registration_protocol_win.cc(84)] TransactNamedPipe: O pipe foi finalizado. (0x6D)
[0124/134444.764:ERROR:registration_protocol_win.cc(84)] TransactNamedPipe: O pipe foi finalizado. (0x6D)
[0127/082053.370:ERROR:registration_protocol_win.cc(84)] TransactNamedPipe: O pipe foi finalizado. (0x6D)
[0127/082402.798:ERROR:registration_protocol_win.cc(84)] TransactNamedPipe: O pipe foi finalizado. (0x6D)
[0210/094241.541:ERROR:registration_protocol_win.cc(84)] TransactNamedPipe: O pipe foi finalizado. (0x6D)
[0211/082643.680:ERROR:registration_protocol_win.cc(84)] TransactNamedPipe: O pipe foi finalizado. (0x6D)
[0212/091537.732:ERROR:registration_protocol_win.cc(84)] TransactNamedPipe: O pipe foi finalizado. (0x6D)
[0213/083139.160:ERROR:registration_protocol_win.cc(84)] TransactNamedPipe: O pipe foi finalizado. (0x6D)
[0214/084206.995:ERROR:registration_protocol_win.cc(84)] TransactNamedPipe: O pipe foi finalizado. (0x6D)
[0215/075717.343:ERROR:registration_protocol_win.cc(84)] TransactNamedPipe: O pipe foi finalizado. (0x6D)
[0217/085812.881:ERROR:registration_protocol_win.cc(84)] TransactNamedPipe: O pipe foi finalizado. (0x6D)
[0217/124327.995:ERROR:registration_protocol_win.cc(84)] TransactNamedPipe: O pipe foi finalizado. (0x6D)
[0217/161142.860:ERROR:registration_protocol_win.cc(84)] TransactNamedPipe: O pipe foi finalizado. (0x6D)
[0218/075941.574:ERROR:registration_protocol_win.cc(84)] TransactNamedPipe: O pipe foi finalizado. (0x6D)
[0218/121731.401:ERROR:registration_protocol_win.cc(84)] TransactNamedPipe: O pipe foi finalizado. (0x6D)
[0219/101316.523:ERROR:registration_protocol_win.cc(84)] TransactNamedPipe: O pipe foi finalizado. (0x6D)
[0219/104923.791:ERROR:registration_protocol_win.cc(84)] TransactNamedPipe: O pipe foi finalizado. (0x6D)
[0219/105246.407:ERROR:registration_protocol_win.cc(84)] TransactNamedPipe: O pipe foi finalizado. (0x6D)
[0326/124622.280:ERROR:registration_protocol_win.cc(84)] TransactNamedPipe: O pipe foi finalizado. (0x6D)
[0326/163517.373:ERROR:registration_protocol_win.cc(84)] TransactNamedPipe: O pipe foi finalizado. (0x6D)
[0327/083532.106:ERROR:registration_protocol_win.cc(84)] TransactNamedPipe: O pipe foi finalizado. (0x6D)
[0327/174140.694:ERROR:registration_protocol_win.cc(84)] TransactNamedPipe: O pipe foi finalizado. (0x6D)
[0327/221616.492:ERROR:registration_protocol_win.cc(84)] TransactNamedPipe: O pipe foi finalizado. (0x6D)
[0328/080252.579:ERROR:registration_protocol_win.cc(84)] TransactNamedPipe: O pipe foi finalizado. (0x6D)
[0329/204350.585:ERROR:registration_protocol_win.cc(84)] TransactNamedPipe: O pipe foi finalizado. (0x6D)
[0331/090634.688:ERROR:registration_protocol_win.cc(84)] TransactNamedPipe: O pipe foi finalizado. (0x6D)
[0331/221446.004:ERROR:registration_protocol_win.cc(84)] TransactNamedPipe: O pipe foi finalizado. (0x6D)
[0401/105946.008:ERROR:registration_protocol_win.cc(84)] TransactNamedPipe: O pipe foi finalizado. (0x6D)
[0402/085752.852:ERROR:registration_protocol_win.cc(84)] TransactNamedPipe: O pipe foi finalizado. (0x6D)
[0403/174158.237:ERROR:registration_protocol_win.cc(84)] TransactNamedPipe: O pipe foi finalizado. (0x6D)
[0405/230034.940:ERROR:registration_protocol_win.cc(84)] TransactNamedPipe: O pipe foi finalizado. (0x6D)
[0407/190859.350:ERROR:registration_protocol_win.cc(84)] TransactNamedPipe: O pipe foi finalizado. (0x6D)
[0408/102840.663:ERROR:registration_protocol_win.cc(84)] TransactNamedPipe: O pipe foi finalizado. (0x6D)
[0409/011627.412:ERROR:registration_protocol_win.cc(84)] TransactNamedPipe: O pipe foi finalizado. (0x6D)
[0409/141856.387:ERROR:registration_protocol_win.cc(84)] TransactNamedPipe: O pipe foi finalizado. (0x6D)
[0410/144948.017:ERROR:registration_protocol_win.cc(84)] TransactNamedPipe: O pipe foi finalizado. (0x6D)
[0411/112511.197:ERROR:registration_protocol_win.cc(84)] TransactNamedPipe: O pipe foi finalizado. (0x6D)
[0411/181453.422:ERROR:registration_protocol_win.cc(84)] TransactNamedPipe: O pipe foi finalizado. (0x6D)
[0412/110606.507:ERROR:registration_protocol_win.cc(84)] TransactNamedPipe: O pipe foi finalizado. (0x6D)
[0413/120741.363:ERROR:registration_protocol_win.cc(84)] TransactNamedPipe: O pipe foi finalizado. (0x6D)
[0414/081422.295:ERROR:registration_protocol_win.cc(84)] TransactNamedPipe: O pipe foi finalizado. (0x6D)
[0415/104306.850:ERROR:registration_protocol_win.cc(84)] TransactNamedPipe: O pipe foi finalizado. (0x6D)
[0416/123222.389:ERROR:registration_protocol_win.cc(84)] TransactNamedPipe: O pipe foi finalizado. (0x6D)
[0416/190332.270:ERROR:registration_protocol_win.cc(84)] TransactNamedPipe: O pipe foi finalizado. (0x6D)
[0417/102234.518:ERROR:registration_protocol_win.cc(84)] TransactNamedPipe: O pipe foi finalizado. (0x6D)
[0418/075617.284:ERROR:registration_protocol_win.cc(84)] TransactNamedPipe: O pipe foi finalizado. (0x6D)
[0420/102551.471:ERROR:registration_protocol_win.cc(84)] TransactNamedPipe: O pipe foi finalizado. (0x6D)
[0420/172449.730:ERROR:registration_protocol_win.cc(84)] TransactNamedPipe: O pipe foi finalizado. (0x6D)
[0421/142934.306:ERROR:registration_protocol_win.cc(84)] TransactNamedPipe: O pipe foi finalizado. (0x6D)
[0422/075054.909:ERROR:registration_protocol_win.cc(131)] TransactNamedPipe: O pipe foi finalizado. (0x6D)
[0423/081940.705:ERROR:registration_protocol_win.cc(131)] TransactNamedPipe: O pipe foi finalizado. (0x6D)
[0423/201052.945:ERROR:registration_protocol_win.cc(131)] TransactNamedPipe: O pipe foi finalizado. (0x6D)
[0423/201532.629:ERROR:registration_protocol_win.cc(131)] TransactNamedPipe: O pipe foi finalizado. (0x6D)
[0513/060714.285:ERROR:process_reader_win.cc(123)] NtOpenThread: {Acesso Negado} Um processo solicitou acesso a um objeto, mas o direito de acesso não lhe foi concedido. (0xc0000022)
[0513/060714.332:ERROR:process_reader_win.cc(123)] NtOpenThread: {Acesso Negado} Um processo solicitou acesso a um objeto, mas o direito de acesso não lhe foi concedido. (0xc0000022)
[0513/060714.754:ERROR:exception_snapshot_win.cc(98)] thread ID 1140 not found in process
[0513/060714.754:ERROR:exception_snapshot_win.cc(98)] thread ID 13824 not found in process
[0513/060714.269:ERROR:process_reader_win.cc(123)] NtOpenThread: {Acesso Negado} Um processo solicitou acesso a um objeto, mas o direito de acesso não lhe foi concedido. (0xc0000022)
[0513/060714.800:ERROR:exception_snapshot_win.cc(98)] thread ID 15412 not found in process
[0525/043410.051:ERROR:process_reader_win.cc(151)] SuspendThread: Acesso negado. (0x5)
[0525/043410.082:ERROR:process_reader_win.cc(151)] SuspendThread: Acesso negado. (0x5)
[0525/043410.082:ERROR:process_reader_win.cc(151)] SuspendThread: Acesso negado. (0x5)
[0525/043410.082:ERROR:process_reader_win.cc(151)] SuspendThread: Acesso negado. (0x5)
[0525/043410.082:ERROR:process_reader_win.cc(151)] SuspendThread: Acesso negado. (0x5)
[0525/043410.082:ERROR:process_reader_win.cc(151)] SuspendThread: Acesso negado. (0x5)
[0525/043410.082:ERROR:process_reader_win.cc(151)] SuspendThread: Acesso negado. (0x5)
[0525/043410.082:ERROR:process_reader_win.cc(151)] SuspendThread: Acesso negado. (0x5)
[0525/043410.082:ERROR:process_reader_win.cc(151)] SuspendThread: Acesso negado. (0x5)
[0525/043410.082:ERROR:process_reader_win.cc(151)] SuspendThread: Acesso negado. (0x5)
[0525/043410.082:ERROR:process_reader_win.cc(151)] SuspendThread: Acesso negado. (0x5)
[0525/043410.082:ERROR:process_reader_win.cc(151)] SuspendThread: Acesso negado. (0x5)
[0525/043410.082:ERROR:process_reader_win.cc(151)] SuspendThread: Acesso negado. (0x5)
[0525/043410.082:ERROR:process_reader_win.cc(151)] SuspendThread: Acesso negado. (0x5)
[0525/043410.082:ERROR:process_reader_win.cc(151)] SuspendThread: Acesso negado. (0x5)
[0525/043410.082:ERROR:process_reader_win.cc(151)] SuspendThread: Acesso negado. (0x5)
[0525/043410.082:ERROR:process_reader_win.cc(151)] SuspendThread: Acesso negado. (0x5)
[0525/043410.082:ERROR:process_reader_win.cc(151)] SuspendThread: Acesso negado. (0x5)
[0525/043410.082:ERROR:process_reader_win.cc(151)] SuspendThread: Acesso negado. (0x5)
[0525/043410.082:ERROR:process_reader_win.cc(151)] SuspendThread: Acesso negado. (0x5)
[0525/043410.082:ERROR:process_reader_win.cc(151)] SuspendThread: Acesso negado. (0x5)
[0525/043410.082:ERROR:process_reader_win.cc(151)] SuspendThread: Acesso negado. (0x5)
[0525/043410.082:ERROR:process_reader_win.cc(151)] SuspendThread: Acesso negado. (0x5)
[0525/043410.082:ERROR:process_reader_win.cc(151)] SuspendThread: Acesso negado. (0x5)
[0525/043410.098:ERROR:process_reader_win.cc(151)] SuspendThread: Acesso negado. (0x5)
[0525/043410.098:ERROR:process_reader_win.cc(151)] SuspendThread: Acesso negado. (0x5)
[0525/043410.098:ERROR:process_reader_win.cc(151)] SuspendThread: Acesso negado. (0x5)
[0525/043410.098:ERROR:process_reader_win.cc(151)] SuspendThread: Acesso negado. (0x5)
[0525/043410.098:ERROR:process_reader_win.cc(151)] SuspendThread: Acesso negado. (0x5)
[0525/043410.098:ERROR:process_reader_win.cc(151)] SuspendThread: Acesso negado. (0x5)
[0525/043410.098:ERROR:process_reader_win.cc(151)] SuspendThread: Acesso negado. (0x5)
[0525/043410.098:ERROR:process_reader_win.cc(151)] SuspendThread: Acesso negado. (0x5)
[0525/043410.098:ERROR:process_reader_win.cc(151)] SuspendThread: Acesso negado. (0x5)
[0525/043410.098:ERROR:process_reader_win.cc(151)] SuspendThread: Acesso negado. (0x5)
[0525/043410.098:ERROR:process_reader_win.cc(151)] SuspendThread: Acesso negado. (0x5)
[0525/043410.098:ERROR:process_reader_win.cc(151)] SuspendThread: Acesso negado. (0x5)
[0525/043410.098:ERROR:process_reader_win.cc(151)] SuspendThread: Acesso negado. (0x5)
[0525/043410.192:ERROR:process_reader_win.cc(151)] SuspendThread: Acesso negado. (0x5)
[0525/043410.192:ERROR:process_reader_win.cc(151)] SuspendThread: Acesso negado. (0x5)
[0525/043410.192:ERROR:process_reader_win.cc(151)] SuspendThread: Acesso negado. (0x5)
[0525/043410.192:ERROR:process_reader_win.cc(151)] SuspendThread: Acesso negado. (0x5)
[0525/043410.192:ERROR:process_reader_win.cc(151)] SuspendThread: Acesso negado. (0x5)
[0525/043410.192:ERROR:process_reader_win.cc(151)] SuspendThread: Acesso negado. (0x5)
[0525/043410.192:ERROR:process_reader_win.cc(151)] SuspendThread: Acesso negado. (0x5)
[0525/043410.192:ERROR:process_reader_win.cc(151)] SuspendThread: Acesso negado. (0x5)
[0525/043410.192:ERROR:process_reader_win.cc(151)] SuspendThread: Acesso negado. (0x5)
[0525/043410.192:ERROR:process_reader_win.cc(151)] SuspendThread: Acesso negado. (0x5)
[0525/043410.192:ERROR:process_reader_win.cc(151)] SuspendThread: Acesso negado. (0x5)
[0525/043410.082:ERROR:process_reader_win.cc(123)] NtOpenThread: {Acesso Negado} Um processo solicitou acesso a um objeto, mas o direito de acesso não lhe foi concedido. (0xc0000022)
[0525/043410.254:ERROR:exception_snapshot_win.cc(98)] thread ID 17456 not found in process
[0525/043410.192:ERROR:process_reader_win.cc(123)] NtOpenThread: {Acesso Negado} Um processo solicitou acesso a um objeto, mas o direito de acesso não lhe foi concedido. (0xc0000022)
[0525/043410.254:ERROR:exception_snapshot_win.cc(98)] thread ID 22760 not found in process
[0525/043410.098:ERROR:process_reader_win.cc(123)] NtOpenThread: {Acesso Negado} Um processo solicitou acesso a um objeto, mas o direito de acesso não lhe foi concedido. (0xc0000022)
[0525/043410.254:ERROR:exception_snapshot_win.cc(98)] thread ID 29384 not found in process
[0525/043410.082:ERROR:process_reader_win.cc(123)] NtOpenThread: {Acesso Negado} Um processo solicitou acesso a um objeto, mas o direito de acesso não lhe foi concedido. (0xc0000022)
[0525/043410.317:ERROR:exception_snapshot_win.cc(98)] thread ID 23312 not found in process
[0527/214640.667:ERROR:registration_protocol_win.cc(131)] TransactNamedPipe: O pipe foi finalizado. (0x6D)
[0528/135212.913:ERROR:registration_protocol_win.cc(131)] TransactNamedPipe: O pipe foi finalizado. (0x6D)
[0529/125756.039:ERROR:exit_code_watcher_win.cc(87)] Failed to wait for process exit or stop event
[0529/125756.106:ERROR:registration_protocol_win.cc(131)] TransactNamedPipe: O pipe foi finalizado. (0x6D)
[0530/113429.407:ERROR:registration_protocol_win.cc(131)] TransactNamedPipe: O pipe foi finalizado. (0x6D)
[0601/090937.193:ERROR:registration_protocol_win.cc(131)] TransactNamedPipe: O pipe foi finalizado. (0x6D)
[0601/105455.644:ERROR:registration_protocol_win.cc(131)] TransactNamedPipe: O pipe foi finalizado. (0x6D)
[0601/142031.751:ERROR:registration_protocol_win.cc(131)] TransactNamedPipe: O pipe foi finalizado. (0x6D)
[0601/201505.753:ERROR:registration_protocol_win.cc(131)] TransactNamedPipe: O pipe foi finalizado. (0x6D)
[0602/161802.133:ERROR:registration_protocol_win.cc(131)] TransactNamedPipe: O pipe foi finalizado. (0x6D)
[0603/132348.543:ERROR:registration_protocol_win.cc(131)] TransactNamedPipe: O pipe foi finalizado. (0x6D)
[0603/161734.685:ERROR:registration_protocol_win.cc(131)] TransactNamedPipe: O pipe foi finalizado. (0x6D)
[0603/170309.821:ERROR:registration_protocol_win.cc(131)] TransactNamedPipe: O pipe foi finalizado. (0x6D)
[0603/231530.122:ERROR:registration_protocol_win.cc(131)] TransactNamedPipe: O pipe foi finalizado. (0x6D)
[0604/142951.407:ERROR:registration_protocol_win.cc(131)] TransactNamedPipe: O pipe foi finalizado. (0x6D)
[0605/110851.198:ERROR:registration_protocol_win.cc(131)] TransactNamedPipe: O pipe foi finalizado. (0x6D)
[0605/202019.955:ERROR:registration_protocol_win.cc(131)] TransactNamedPipe: O pipe foi finalizado. (0x6D)
[0605/211717.565:ERROR:registration_protocol_win.cc(131)] TransactNamedPipe: O pipe foi finalizado. (0x6D)
[0605/222908.964:ERROR:registration_protocol_win.cc(131)] TransactNamedPipe: O pipe foi finalizado. (0x6D)
[0608/074954.551:ERROR:registration_protocol_win.cc(131)] TransactNamedPipe: O pipe foi finalizado. (0x6D)
[0608/102432.421:ERROR:registration_protocol_win.cc(131)] TransactNamedPipe: O pipe foi finalizado. (0x6D)
[0609/204446.528:ERROR:registration_protocol_win.cc(131)] TransactNamedPipe: O pipe foi finalizado. (0x6D)
[0610/073225.607:ERROR:registration_protocol_win.cc(131)] TransactNamedPipe: O pipe foi finalizado. (0x6D)
[0610/152721.710:ERROR:registration_protocol_win.cc(131)] TransactNamedPipe: O pipe foi finalizado. (0x6D)
[0610/161952.265:ERROR:registration_protocol_win.cc(131)] TransactNamedPipe: O pipe foi finalizado. (0x6D)
[0610/214109.836:ERROR:registration_protocol_win.cc(131)] TransactNamedPipe: O pipe foi finalizado. (0x6D)
[0611/145921.814:ERROR:registration_protocol_win.cc(131)] TransactNamedPipe: O pipe foi finalizado. (0x6D)
[0612/074153.500:ERROR:registration_protocol_win.cc(131)] TransactNamedPipe: O pipe foi finalizado. (0x6D)
[0613/204825.675:ERROR:registration_protocol_win.cc(131)] TransactNamedPipe: O pipe foi finalizado. (0x6D)
[0614/115308.358:ERROR:exit_code_watcher_win.cc(87)] Failed to wait for process exit or stop event
[0614/115308.593:ERROR:registration_protocol_win.cc(131)] TransactNamedPipe: O pipe foi finalizado. (0x6D)
[0614/201014.402:ERROR:registration_protocol_win.cc(131)] TransactNamedPipe: O pipe foi finalizado. (0x6D)
[0614/211648.291:ERROR:registration_protocol_win.cc(131)] TransactNamedPipe: O pipe foi finalizado. (0x6D)
[0615/080757.063:ERROR:registration_protocol_win.cc(131)] TransactNamedPipe: O pipe foi finalizado. (0x6D)
[0616/100533.323:ERROR:registration_protocol_win.cc(131)] TransactNamedPipe: O pipe foi finalizado. (0x6D)
